<?xml version="1.0" encoding="UTF-8"?>
<!-- Generated by org.testng.reporters.JUnitXMLReporter -->
<testsuite ignored="0" hostname="Amitha" failures="0" tests="4" name="Test1" time="26.062" errors="0" timestamp="2026-01-09T19:29:30 GST">
  <testcase classname="testscript.LoginTest" name="validateUserLoginWithValidCredentials" time="4.855"/>
  <testcase classname="testscript.LoginTest" name="validateUserWithInvalidCredentials" time="1.62"/>
  <testcase classname="testscript.LoginTest" name="validateUserWithInvalidUsernameValidPassword" time="1.506"/>
  <testcase classname="testscript.LoginTest" name="validateUserWithValidUsernameInvalidPassword" time="1.521"/>
</testsuite> <!-- Test1 -->
