<?xml version="1.0" encoding="UTF-8"?>
<!-- Generated by org.testng.reporters.JUnitReportReporter -->
<testsuite hostname="Amitha" failures="0" tests="2" name="testscript.LoginTest" time="9.338" errors="0" timestamp="2026-01-15T19:37:33 GST" skipped="0">
  <testcase classname="testscript.LoginTest" name="validateUserWithValidUsernameInvalidPassword" time="5.267"/>
  <testcase classname="testscript.LoginTest" name="validateUserWithValidUsernameInvalidPassword" time="4.071"/>
</testsuite> <!-- testscript.LoginTest -->
