<?xml version="1.0" encoding="UTF-8"?>
<!-- Generated by org.testng.reporters.JUnitXMLReporter -->
<testsuite ignored="2" hostname="Amitha" failures="0" tests="2" name="Test" time="11.906" errors="0" timestamp="2026-01-07T15:43:35 GST">
  <testcase classname="testscript.LoginTest" name="validateUserLoginWithValidCredentials" time="3.389"/>
  <testcase classname="testscript.LoginTest" name="validateUserWithValidUsernameInvalidPassword" time="1.053"/>
  <testcase classname="testscript.LoginTest" name="validateUserWithInvalidCredentials" time="0.0">
    <ignored/>
  </testcase> <!-- validateUserWithInvalidCredentials -->
  <testcase classname="testscript.LoginTest" name="validateUserWithInvalidUsernameValidPassword" time="0.0">
    <ignored/>
  </testcase> <!-- validateUserWithInvalidUsernameValidPassword -->
</testsuite> <!-- Test -->
