<?xml version="1.0" encoding="UTF-8"?>
<!-- Generated by org.testng.reporters.JUnitReportReporter -->
<testsuite hostname="Amitha" failures="0" tests="3" name="testscript.AdminUserTest" time="16.595" errors="0" timestamp="2026-01-07T19:04:01 GST" skipped="0">
  <testcase classname="testscript.AdminUserTest" name="verifyUserIsAbleToSearchNewlyAddedUser" time="4.984"/>
  <testcase classname="testscript.AdminUserTest" name="verifyUserIsAbleToAddNewUser" time="7.068"/>
  <testcase classname="testscript.AdminUserTest" name="verifyUserIsAbleToReset" time="4.543"/>
</testsuite> <!-- testscript.AdminUserTest -->
