<?xml version="1.0" encoding="UTF-8"?>
<!-- Generated by org.testng.reporters.JUnitReportReporter -->
<testsuite hostname="Amitha" failures="0" tests="2" name="testscript.LoginTest" time="11.247" errors="0" timestamp="2026-01-13T20:15:45 GST" skipped="0">
  <testcase classname="testscript.LoginTest" name="validateUserWithValidUsernameInvalidPassword" time="5.441"/>
  <testcase classname="testscript.LoginTest" name="validateUserWithValidUsernameInvalidPassword" time="5.806"/>
</testsuite> <!-- testscript.LoginTest -->
