<?xml version="1.0" encoding="UTF-8"?>
<!-- Generated by org.testng.reporters.JUnitReportReporter -->
<testsuite hostname="Amitha" failures="0" tests="2" name="testscript.ManageNewsTest" time="28.609" errors="0" timestamp="2026-01-08T19:19:24 GST" skipped="0">
  <testcase classname="testscript.ManageNewsTest" name="verifyUserIsAbleToAddNews" time="15.050"/>
  <testcase classname="testscript.ManageNewsTest" name="verifyUserIsAbleToSearchNewlyAddedNews" time="13.559"/>
</testsuite> <!-- testscript.ManageNewsTest -->
