<?xml version="1.0" encoding="UTF-8"?>
<!-- Generated by org.testng.reporters.JUnitXMLReporter -->
<testsuite ignored="3" hostname="Amitha" failures="0" tests="2" name="Test" time="11.379" errors="0" timestamp="2026-01-13T20:15:44 GST">
  <testcase classname="testscript.LoginTest" name="validateUserWithValidUsernameInvalidPassword" time="1.894"/>
  <testcase classname="testscript.LoginTest" name="validateUserWithValidUsernameInvalidPassword" time="1.639"/>
  <testcase classname="testscript.LoginTest" name="validateUserLoginWithValidCredentials" time="0.0">
    <ignored/>
  </testcase> <!-- validateUserLoginWithValidCredentials -->
  <testcase classname="testscript.LoginTest" name="validateUserWithInvalidUsernameValidPassword" time="0.0">
    <ignored/>
  </testcase> <!-- validateUserWithInvalidUsernameValidPassword -->
  <testcase classname="testscript.LoginTest" name="validateUserWithInvalidCredentials" time="0.0">
    <ignored/>
  </testcase> <!-- validateUserWithInvalidCredentials -->
</testsuite> <!-- Test -->
