<?xml version="1.0" encoding="UTF-8"?>
<!-- Generated by org.testng.reporters.JUnitXMLReporter -->
<testsuite ignored="3" hostname="Amitha" failures="0" tests="2" name="Test" time="9.491" errors="0" timestamp="2026-01-15T19:37:33 GST">
  <testcase classname="testscript.LoginTest" name="validateUserWithValidUsernameInvalidPassword" time="1.168"/>
  <testcase classname="testscript.LoginTest" name="validateUserWithValidUsernameInvalidPassword" time="1.098"/>
  <testcase classname="testscript.LoginTest" name="validateUserWithInvalidCredentials" time="0.0">
    <ignored/>
  </testcase> <!-- validateUserWithInvalidCredentials -->
  <testcase classname="testscript.LoginTest" name="validateUserWithInvalidUsernameValidPassword" time="0.0">
    <ignored/>
  </testcase> <!-- validateUserWithInvalidUsernameValidPassword -->
  <testcase classname="testscript.LoginTest" name="validateUserLoginWithValidCredentials" time="0.0">
    <ignored/>
  </testcase> <!-- validateUserLoginWithValidCredentials -->
</testsuite> <!-- Test -->
